[rails_node_module_linker] Middleware inserted
[rails_node_module_linker] Middleware inserted
Started GET "/novines" for ::1 at 2025-11-12 10:54:08 +0100
  [1m[36mActiveRecord::SchemaMigration Load (2.8ms)[0m  [1m[34mSELECT "schema_migrations"."version" FROM "schema_migrations" ORDER BY "schema_migrations"."version" ASC /*application='M'*/[0m
DEPRECATION WARNING: resource received a hash argument only. Please use a keyword instead. Support to hash argument will be removed in Rails 8.2. (called from block in <main> at /Users/vidosrd/Downloads/ZW-main/config/routes.rb:5)
DEPRECATION WARNING: resource received a hash argument path. Please use a keyword instead. Support to hash argument will be removed in Rails 8.2. (called from block in <main> at /Users/vidosrd/Downloads/ZW-main/config/routes.rb:5)
DEPRECATION WARNING: resource received a hash argument path_names. Please use a keyword instead. Support to hash argument will be removed in Rails 8.2. (called from block in <main> at /Users/vidosrd/Downloads/ZW-main/config/routes.rb:5)
DEPRECATION WARNING: resource received a hash argument controller. Please use a keyword instead. Support to hash argument will be removed in Rails 8.2. (called from block in <main> at /Users/vidosrd/Downloads/ZW-main/config/routes.rb:5)
Processing by NovinesController#index as HTML
  [1m[36mNovine Pluck (24.1ms)[0m  [1m[34mSELECT "novines".* FROM "novines" /*action='index',application='M',controller='novines'*/[0m
  ↳ app/models/novine.rb:2:in '<class:Novine>'
  [1m[36mNovine Count (1.7ms)[0m  [1m[34mSELECT COUNT(*) FROM "novines" /*action='index',application='M',controller='novines'*/[0m
  ↳ app/controllers/novines_controller.rb:12:in 'NovinesController#index'
  Rendering layout layouts/application.html.erb
  Rendering novines/index.html.erb within layouts/application
  [1m[36mNovine Load (1.8ms)[0m  [1m[34mSELECT "novines".* FROM "novines" ORDER BY created_at DESC LIMIT 1 OFFSET 0 /*action='index',application='M',controller='novines'*/[0m
  ↳ app/views/novines/index.html.erb:16
  [1m[36mActiveStorage::Attachment Load (2.7ms)[0m  [1m[34mSELECT "active_storage_attachments".* FROM "active_storage_attachments" WHERE "active_storage_attachments"."record_id" = 13 AND "active_storage_attachments"."record_type" = 'Novine' AND "active_storage_attachments"."name" = 'image' LIMIT 1 /*action='index',application='M',controller='novines'*/[0m
  ↳ app/views/novines/index.html.erb:19
  [1m[36mActiveStorage::Blob Load (2.0ms)[0m  [1m[34mSELECT "active_storage_blobs".* FROM "active_storage_blobs" WHERE "active_storage_blobs"."id" = 380 LIMIT 1 /*action='index',application='M',controller='novines'*/[0m
  ↳ app/views/novines/index.html.erb:20
  [1m[36mNovine Load (0.4ms)[0m  [1m[34mSELECT "novines".* FROM "novines" ORDER BY created_at DESC LIMIT 7 OFFSET 0 /*action='index',application='M',controller='novines'*/[0m
  ↳ app/views/novines/index.html.erb:48
  [1m[36mBloggable Pluck (1.6ms)[0m  [1m[34mSELECT "bloggables"."novine_id" FROM "bloggables" WHERE "bloggables"."blog_id" IS NULL /*action='index',application='M',controller='novines'*/[0m
  ↳ app/models/bloggable.rb:5:in '<class:Bloggable>'
  [1m[36mBloggable Load (0.2ms)[0m  [1m[34mSELECT "bloggables".* FROM "bloggables" WHERE "bloggables"."blog_id" IS NULL /*action='index',application='M',controller='novines'*/[0m
  ↳ app/models/bloggable.rb:6:in 'Enumerable#map'
  [1m[36mBlog Load (3.0ms)[0m  [1m[34mSELECT "blogs".* FROM "blogs" INNER JOIN "bloggables" ON "blogs"."id" = "bloggables"."blog_id" WHERE "bloggables"."novine_id" = 13 /*action='index',application='M',controller='novines'*/[0m
  ↳ app/views/novines/index.html.erb:56
  [1m[36mActionText::RichText Load (1.9ms)[0m  [1m[34mSELECT "action_text_rich_texts".* FROM "action_text_rich_texts" WHERE "action_text_rich_texts"."record_id" = 13 AND "action_text_rich_texts"."record_type" = 'Novine' AND "action_text_rich_texts"."name" = 'body' LIMIT 1 /*action='index',application='M',controller='novines'*/[0m
  ↳ app/views/novines/index.html.erb:66
  Rendered /Users/vidosrd/.local/share/mise/installs/ruby/3.4.5/lib/ruby/gems/3.4.0/gems/actiontext-8.1.1/app/views/action_text/contents/_content.html.erb within layouts/action_text/contents/_content (Duration: 3.2ms | GC: 0.0ms)
  [1m[36mCACHE ActiveStorage::Attachment Load (0.0ms)[0m  [1m[34mSELECT "active_storage_attachments".* FROM "active_storage_attachments" WHERE "active_storage_attachments"."record_id" = 13 AND "active_storage_attachments"."record_type" = 'Novine' AND "active_storage_attachments"."name" = 'image' LIMIT 1[0m
  ↳ app/views/novines/index.html.erb:70
  [1m[36mCACHE ActiveStorage::Blob Load (0.0ms)[0m  [1m[34mSELECT "active_storage_blobs".* FROM "active_storage_blobs" WHERE "active_storage_blobs"."id" = 380 LIMIT 1[0m
  ↳ app/views/novines/index.html.erb:71
  [1m[36mBlog Load (0.4ms)[0m  [1m[34mSELECT "blogs".* FROM "blogs" INNER JOIN "bloggables" ON "blogs"."id" = "bloggables"."blog_id" WHERE "bloggables"."novine_id" = 12 /*action='index',application='M',controller='novines'*/[0m
  ↳ app/views/novines/index.html.erb:56
  [1m[36mActionText::RichText Load (0.6ms)[0m  [1m[34mSELECT "action_text_rich_texts".* FROM "action_text_rich_texts" WHERE "action_text_rich_texts"."record_id" = 12 AND "action_text_rich_texts"."record_type" = 'Novine' AND "action_text_rich_texts"."name" = 'body' LIMIT 1 /*action='index',application='M',controller='novines'*/[0m
  ↳ app/views/novines/index.html.erb:66
  Rendered /Users/vidosrd/.local/share/mise/installs/ruby/3.4.5/lib/ruby/gems/3.4.0/gems/actiontext-8.1.1/app/views/action_text/contents/_content.html.erb within layouts/action_text/contents/_content (Duration: 0.6ms | GC: 0.0ms)
  [1m[36mActiveStorage::Attachment Load (0.3ms)[0m  [1m[34mSELECT "active_storage_attachments".* FROM "active_storage_attachments" WHERE "active_storage_attachments"."record_id" = 12 AND "active_storage_attachments"."record_type" = 'Novine' AND "active_storage_attachments"."name" = 'image' LIMIT 1 /*action='index',application='M',controller='novines'*/[0m
  ↳ app/views/novines/index.html.erb:70
  [1m[36mActiveStorage::Blob Load (0.2ms)[0m  [1m[34mSELECT "active_storage_blobs".* FROM "active_storage_blobs" WHERE "active_storage_blobs"."id" = 382 LIMIT 1 /*action='index',application='M',controller='novines'*/[0m
  ↳ app/views/novines/index.html.erb:71
  [1m[36mBlog Load (0.5ms)[0m  [1m[34mSELECT "blogs".* FROM "blogs" INNER JOIN "bloggables" ON "blogs"."id" = "bloggables"."blog_id" WHERE "bloggables"."novine_id" = 11 /*action='index',application='M',controller='novines'*/[0m
  ↳ app/views/novines/index.html.erb:56
  [1m[36mActionText::RichText Load (1.1ms)[0m  [1m[34mSELECT "action_text_rich_texts".* FROM "action_text_rich_texts" WHERE "action_text_rich_texts"."record_id" = 11 AND "action_text_rich_texts"."record_type" = 'Novine' AND "action_text_rich_texts"."name" = 'body' LIMIT 1 /*action='index',application='M',controller='novines'*/[0m
  ↳ app/views/novines/index.html.erb:66
  Rendered /Users/vidosrd/.local/share/mise/installs/ruby/3.4.5/lib/ruby/gems/3.4.0/gems/actiontext-8.1.1/app/views/action_text/attachables/_remote_image.html.erb (Duration: 0.2ms | GC: 0.0ms)
  Rendered /Users/vidosrd/.local/share/mise/installs/ruby/3.4.5/lib/ruby/gems/3.4.0/gems/actiontext-8.1.1/app/views/action_text/attachables/_remote_image.html.erb (Duration: 0.0ms | GC: 0.0ms)
  Rendered /Users/vidosrd/.local/share/mise/installs/ruby/3.4.5/lib/ruby/gems/3.4.0/gems/actiontext-8.1.1/app/views/action_text/attachables/_remote_image.html.erb (Duration: 0.0ms | GC: 0.0ms)
  Rendered /Users/vidosrd/.local/share/mise/installs/ruby/3.4.5/lib/ruby/gems/3.4.0/gems/actiontext-8.1.1/app/views/action_text/attachables/_remote_image.html.erb (Duration: 0.0ms | GC: 0.0ms)
  Rendered /Users/vidosrd/.local/share/mise/installs/ruby/3.4.5/lib/ruby/gems/3.4.0/gems/actiontext-8.1.1/app/views/action_text/attachables/_remote_image.html.erb (Duration: 0.2ms | GC: 0.0ms)
  Rendered /Users/vidosrd/.local/share/mise/installs/ruby/3.4.5/lib/ruby/gems/3.4.0/gems/actiontext-8.1.1/app/views/action_text/contents/_content.html.erb within layouts/action_text/contents/_content (Duration: 18.3ms | GC: 0.0ms)
  [1m[36mActiveStorage::Attachment Load (0.4ms)[0m  [1m[34mSELECT "active_storage_attachments".* FROM "active_storage_attachments" WHERE "active_storage_attachments"."record_id" = 11 AND "active_storage_attachments"."record_type" = 'Novine' AND "active_storage_attachments"."name" = 'image' LIMIT 1 /*action='index',application='M',controller='novines'*/[0m
  ↳ app/views/novines/index.html.erb:70
  [1m[36mActiveStorage::Blob Load (0.2ms)[0m  [1m[34mSELECT "active_storage_blobs".* FROM "active_storage_blobs" WHERE "active_storage_blobs"."id" = 384 LIMIT 1 /*action='index',application='M',controller='novines'*/[0m
  ↳ app/views/novines/index.html.erb:71
  [1m[36mBlog Load (0.3ms)[0m  [1m[34mSELECT "blogs".* FROM "blogs" INNER JOIN "bloggables" ON "blogs"."id" = "bloggables"."blog_id" WHERE "bloggables"."novine_id" = 10 /*action='index',application='M',controller='novines'*/[0m
  ↳ app/views/novines/index.html.erb:56
  [1m[36mActionText::RichText Load (0.2ms)[0m  [1m[34mSELECT "action_text_rich_texts".* FROM "action_text_rich_texts" WHERE "action_text_rich_texts"."record_id" = 10 AND "action_text_rich_texts"."record_type" = 'Novine' AND "action_text_rich_texts"."name" = 'body' LIMIT 1 /*action='index',application='M',controller='novines'*/[0m
  ↳ app/views/novines/index.html.erb:66
  Rendered /Users/vidosrd/.local/share/mise/installs/ruby/3.4.5/lib/ruby/gems/3.4.0/gems/actiontext-8.1.1/app/views/action_text/contents/_content.html.erb within layouts/action_text/contents/_content (Duration: 0.7ms | GC: 0.0ms)
  [1m[36mActiveStorage::Attachment Load (0.5ms)[0m  [1m[34mSELECT "active_storage_attachments".* FROM "active_storage_attachments" WHERE "active_storage_attachments"."record_id" = 10 AND "active_storage_attachments"."record_type" = 'Novine' AND "active_storage_attachments"."name" = 'image' LIMIT 1 /*action='index',application='M',controller='novines'*/[0m
  ↳ app/views/novines/index.html.erb:70
  [1m[36mActiveStorage::Blob Load (0.3ms)[0m  [1m[34mSELECT "active_storage_blobs".* FROM "active_storage_blobs" WHERE "active_storage_blobs"."id" = 385 LIMIT 1 /*action='index',application='M',controller='novines'*/[0m
  ↳ app/views/novines/index.html.erb:71
  [1m[36mBlog Load (0.4ms)[0m  [1m[34mSELECT "blogs".* FROM "blogs" INNER JOIN "bloggables" ON "blogs"."id" = "bloggables"."blog_id" WHERE "bloggables"."novine_id" = 9 /*action='index',application='M',controller='novines'*/[0m
  ↳ app/views/novines/index.html.erb:56
  [1m[36mActionText::RichText Load (0.4ms)[0m  [1m[34mSELECT "action_text_rich_texts".* FROM "action_text_rich_texts" WHERE "action_text_rich_texts"."record_id" = 9 AND "action_text_rich_texts"."record_type" = 'Novine' AND "action_text_rich_texts"."name" = 'body' LIMIT 1 /*action='index',application='M',controller='novines'*/[0m
  ↳ app/views/novines/index.html.erb:66
  Rendered /Users/vidosrd/.local/share/mise/installs/ruby/3.4.5/lib/ruby/gems/3.4.0/gems/actiontext-8.1.1/app/views/action_text/contents/_content.html.erb within layouts/action_text/contents/_content (Duration: 0.3ms | GC: 0.0ms)
  [1m[36mActiveStorage::Attachment Load (0.3ms)[0m  [1m[34mSELECT "active_storage_attachments".* FROM "active_storage_attachments" WHERE "active_storage_attachments"."record_id" = 9 AND "active_storage_attachments"."record_type" = 'Novine' AND "active_storage_attachments"."name" = 'image' LIMIT 1 /*action='index',application='M',controller='novines'*/[0m
  ↳ app/views/novines/index.html.erb:70
  [1m[36mActiveStorage::Blob Load (0.3ms)[0m  [1m[34mSELECT "active_storage_blobs".* FROM "active_storage_blobs" WHERE "active_storage_blobs"."id" = 386 LIMIT 1 /*action='index',application='M',controller='novines'*/[0m
  ↳ app/views/novines/index.html.erb:71
  [1m[36mBlog Load (0.4ms)[0m  [1m[34mSELECT "blogs".* FROM "blogs" INNER JOIN "bloggables" ON "blogs"."id" = "bloggables"."blog_id" WHERE "bloggables"."novine_id" = 8 /*action='index',application='M',controller='novines'*/[0m
  ↳ app/views/novines/index.html.erb:56
  [1m[36mActionText::RichText Load (0.4ms)[0m  [1m[34mSELECT "action_text_rich_texts".* FROM "action_text_rich_texts" WHERE "action_text_rich_texts"."record_id" = 8 AND "action_text_rich_texts"."record_type" = 'Novine' AND "action_text_rich_texts"."name" = 'body' LIMIT 1 /*action='index',application='M',controller='novines'*/[0m
  ↳ app/views/novines/index.html.erb:66
  Rendered /Users/vidosrd/.local/share/mise/installs/ruby/3.4.5/lib/ruby/gems/3.4.0/gems/actiontext-8.1.1/app/views/action_text/attachables/_remote_image.html.erb (Duration: 0.0ms | GC: 0.0ms)
  Rendered /Users/vidosrd/.local/share/mise/installs/ruby/3.4.5/lib/ruby/gems/3.4.0/gems/actiontext-8.1.1/app/views/action_text/contents/_content.html.erb within layouts/action_text/contents/_content (Duration: 2.1ms | GC: 0.0ms)
  [1m[36mActiveStorage::Attachment Load (0.6ms)[0m  [1m[34mSELECT "active_storage_attachments".* FROM "active_storage_attachments" WHERE "active_storage_attachments"."record_id" = 8 AND "active_storage_attachments"."record_type" = 'Novine' AND "active_storage_attachments"."name" = 'image' LIMIT 1 /*action='index',application='M',controller='novines'*/[0m
  ↳ app/views/novines/index.html.erb:70
  [1m[36mActiveStorage::Blob Load (0.7ms)[0m  [1m[34mSELECT "active_storage_blobs".* FROM "active_storage_blobs" WHERE "active_storage_blobs"."id" = 387 LIMIT 1 /*action='index',application='M',controller='novines'*/[0m
  ↳ app/views/novines/index.html.erb:71
  [1m[36mBlog Load (0.4ms)[0m  [1m[34mSELECT "blogs".* FROM "blogs" INNER JOIN "bloggables" ON "blogs"."id" = "bloggables"."blog_id" WHERE "bloggables"."novine_id" = 7 /*action='index',application='M',controller='novines'*/[0m
  ↳ app/views/novines/index.html.erb:56
  [1m[36mActionText::RichText Load (0.3ms)[0m  [1m[34mSELECT "action_text_rich_texts".* FROM "action_text_rich_texts" WHERE "action_text_rich_texts"."record_id" = 7 AND "action_text_rich_texts"."record_type" = 'Novine' AND "action_text_rich_texts"."name" = 'body' LIMIT 1 /*action='index',application='M',controller='novines'*/[0m
  ↳ app/views/novines/index.html.erb:66
  Rendered /Users/vidosrd/.local/share/mise/installs/ruby/3.4.5/lib/ruby/gems/3.4.0/gems/actiontext-8.1.1/app/views/action_text/contents/_content.html.erb within layouts/action_text/contents/_content (Duration: 0.3ms | GC: 0.0ms)
  [1m[36mActiveStorage::Attachment Load (0.3ms)[0m  [1m[34mSELECT "active_storage_attachments".* FROM "active_storage_attachments" WHERE "active_storage_attachments"."record_id" = 7 AND "active_storage_attachments"."record_type" = 'Novine' AND "active_storage_attachments"."name" = 'image' LIMIT 1 /*action='index',application='M',controller='novines'*/[0m
  ↳ app/views/novines/index.html.erb:70
  [1m[36mActiveStorage::Blob Load (0.3ms)[0m  [1m[34mSELECT "active_storage_blobs".* FROM "active_storage_blobs" WHERE "active_storage_blobs"."id" = 388 LIMIT 1 /*action='index',application='M',controller='novines'*/[0m
  ↳ app/views/novines/index.html.erb:71
  Rendered novines/index.html.erb within layouts/application (Duration: 228.0ms | GC: 3.0ms)
  Rendered layout layouts/application.html.erb (Duration: 236.8ms | GC: 3.0ms)
Completed 500 Internal Server Error in 392ms (ActiveRecord: 85.9ms (36 queries, 0 cached) | GC: 36.1ms)


  
ActionView::Template::Error (The asset 'tailwind.css' was not found in the load path.)
Caused by: Propshaft::MissingAssetError (The asset 'tailwind.css' was not found in the load path.)

Information for: ActionView::Template::Error (The asset 'tailwind.css' was not found in the load path.):
    27: 
    28:     <%# Includes all stylesheet files in app/assets/stylesheets %>
    29:     <%= stylesheet_link_tag "tailwind", "data-turbo-track": "reload" %>
    30:     <%= stylesheet_link_tag :app, "data-turbo-track": "reload" %>
    31:     <%= javascript_importmap_tags %>
    32:     <%= render "layouts/dark_mode_check" %>
    33:   </head>
  
app/views/layouts/application.html.erb:30
app/controllers/novines_controller.rb:20:in 'NovinesController#index'

Information for cause: Propshaft::MissingAssetError (The asset 'tailwind.css' was not found in the load path.):
  
app/views/layouts/application.html.erb:30
app/controllers/novines_controller.rb:20:in 'NovinesController#index'
Started GET "/favicon.ico" for ::1 at 2025-11-12 10:54:10 +0100
  
ActionController::RoutingError (No route matches [GET] "/favicon.ico"):
  
Started GET "/novines" for ::1 at 2025-11-12 10:54:12 +0100
Processing by NovinesController#index as HTML
  [1m[36mNovine Count (1.0ms)[0m  [1m[34mSELECT COUNT(*) FROM "novines" /*action='index',application='M',controller='novines'*/[0m
  ↳ app/controllers/novines_controller.rb:12:in 'NovinesController#index'
  Rendering layout layouts/application.html.erb
  Rendering novines/index.html.erb within layouts/application
  [1m[36mNovine Load (0.5ms)[0m  [1m[34mSELECT "novines".* FROM "novines" ORDER BY created_at DESC LIMIT 1 OFFSET 0 /*action='index',application='M',controller='novines'*/[0m
  ↳ app/views/novines/index.html.erb:16
  [1m[36mActiveStorage::Attachment Load (0.4ms)[0m  [1m[34mSELECT "active_storage_attachments".* FROM "active_storage_attachments" WHERE "active_storage_attachments"."record_id" = 13 AND "active_storage_attachments"."record_type" = 'Novine' AND "active_storage_attachments"."name" = 'image' LIMIT 1 /*action='index',application='M',controller='novines'*/[0m
  ↳ app/views/novines/index.html.erb:19
  [1m[36mActiveStorage::Blob Load (0.3ms)[0m  [1m[34mSELECT "active_storage_blobs".* FROM "active_storage_blobs" WHERE "active_storage_blobs"."id" = 380 LIMIT 1 /*action='index',application='M',controller='novines'*/[0m
  ↳ app/views/novines/index.html.erb:20
  [1m[36mNovine Load (0.3ms)[0m  [1m[34mSELECT "novines".* FROM "novines" ORDER BY created_at DESC LIMIT 7 OFFSET 0 /*action='index',application='M',controller='novines'*/[0m
  ↳ app/views/novines/index.html.erb:48
  [1m[36mBlog Load (0.5ms)[0m  [1m[34mSELECT "blogs".* FROM "blogs" INNER JOIN "bloggables" ON "blogs"."id" = "bloggables"."blog_id" WHERE "bloggables"."novine_id" = 13 /*action='index',application='M',controller='novines'*/[0m
  ↳ app/views/novines/index.html.erb:56
  [1m[36mActionText::RichText Load (0.4ms)[0m  [1m[34mSELECT "action_text_rich_texts".* FROM "action_text_rich_texts" WHERE "action_text_rich_texts"."record_id" = 13 AND "action_text_rich_texts"."record_type" = 'Novine' AND "action_text_rich_texts"."name" = 'body' LIMIT 1 /*action='index',application='M',controller='novines'*/[0m
  ↳ app/views/novines/index.html.erb:66
  Rendered /Users/vidosrd/.local/share/mise/installs/ruby/3.4.5/lib/ruby/gems/3.4.0/gems/actiontext-8.1.1/app/views/action_text/contents/_content.html.erb within layouts/action_text/contents/_content (Duration: 2.3ms | GC: 0.5ms)
  [1m[36mCACHE ActiveStorage::Attachment Load (0.0ms)[0m  [1m[34mSELECT "active_storage_attachments".* FROM "active_storage_attachments" WHERE "active_storage_attachments"."record_id" = 13 AND "active_storage_attachments"."record_type" = 'Novine' AND "active_storage_attachments"."name" = 'image' LIMIT 1[0m
  ↳ app/views/novines/index.html.erb:70
  [1m[36mCACHE ActiveStorage::Blob Load (0.0ms)[0m  [1m[34mSELECT "active_storage_blobs".* FROM "active_storage_blobs" WHERE "active_storage_blobs"."id" = 380 LIMIT 1[0m
  ↳ app/views/novines/index.html.erb:71
  [1m[36mBlog Load (0.7ms)[0m  [1m[34mSELECT "blogs".* FROM "blogs" INNER JOIN "bloggables" ON "blogs"."id" = "bloggables"."blog_id" WHERE "bloggables"."novine_id" = 12 /*action='index',application='M',controller='novines'*/[0m
  ↳ app/views/novines/index.html.erb:56
  [1m[36mActionText::RichText Load (0.3ms)[0m  [1m[34mSELECT "action_text_rich_texts".* FROM "action_text_rich_texts" WHERE "action_text_rich_texts"."record_id" = 12 AND "action_text_rich_texts"."record_type" = 'Novine' AND "action_text_rich_texts"."name" = 'body' LIMIT 1 /*action='index',application='M',controller='novines'*/[0m
  ↳ app/views/novines/index.html.erb:66
  Rendered /Users/vidosrd/.local/share/mise/installs/ruby/3.4.5/lib/ruby/gems/3.4.0/gems/actiontext-8.1.1/app/views/action_text/contents/_content.html.erb within layouts/action_text/contents/_content (Duration: 0.7ms | GC: 0.0ms)
  [1m[36mActiveStorage::Attachment Load (0.4ms)[0m  [1m[34mSELECT "active_storage_attachments".* FROM "active_storage_attachments" WHERE "active_storage_attachments"."record_id" = 12 AND "active_storage_attachments"."record_type" = 'Novine' AND "active_storage_attachments"."name" = 'image' LIMIT 1 /*action='index',application='M',controller='novines'*/[0m
  ↳ app/views/novines/index.html.erb:70
  [1m[36mActiveStorage::Blob Load (0.2ms)[0m  [1m[34mSELECT "active_storage_blobs".* FROM "active_storage_blobs" WHERE "active_storage_blobs"."id" = 382 LIMIT 1 /*action='index',application='M',controller='novines'*/[0m
  ↳ app/views/novines/index.html.erb:71
  [1m[36mBlog Load (0.7ms)[0m  [1m[34mSELECT "blogs".* FROM "blogs" INNER JOIN "bloggables" ON "blogs"."id" = "bloggables"."blog_id" WHERE "bloggables"."novine_id" = 11 /*action='index',application='M',controller='novines'*/[0m
  ↳ app/views/novines/index.html.erb:56
  [1m[36mActionText::RichText Load (0.4ms)[0m  [1m[34mSELECT "action_text_rich_texts".* FROM "action_text_rich_texts" WHERE "action_text_rich_texts"."record_id" = 11 AND "action_text_rich_texts"."record_type" = 'Novine' AND "action_text_rich_texts"."name" = 'body' LIMIT 1 /*action='index',application='M',controller='novines'*/[0m
  ↳ app/views/novines/index.html.erb:66
  Rendered /Users/vidosrd/.local/share/mise/installs/ruby/3.4.5/lib/ruby/gems/3.4.0/gems/actiontext-8.1.1/app/views/action_text/attachables/_remote_image.html.erb (Duration: 0.3ms | GC: 0.0ms)
  Rendered /Users/vidosrd/.local/share/mise/installs/ruby/3.4.5/lib/ruby/gems/3.4.0/gems/actiontext-8.1.1/app/views/action_text/attachables/_remote_image.html.erb (Duration: 0.2ms | GC: 0.0ms)
  Rendered /Users/vidosrd/.local/share/mise/installs/ruby/3.4.5/lib/ruby/gems/3.4.0/gems/actiontext-8.1.1/app/views/action_text/attachables/_remote_image.html.erb (Duration: 0.0ms | GC: 0.0ms)
  Rendered /Users/vidosrd/.local/share/mise/installs/ruby/3.4.5/lib/ruby/gems/3.4.0/gems/actiontext-8.1.1/app/views/action_text/attachables/_remote_image.html.erb (Duration: 0.0ms | GC: 0.0ms)
  Rendered /Users/vidosrd/.local/share/mise/installs/ruby/3.4.5/lib/ruby/gems/3.4.0/gems/actiontext-8.1.1/app/views/action_text/attachables/_remote_image.html.erb (Duration: 0.1ms | GC: 0.0ms)
  Rendered /Users/vidosrd/.local/share/mise/installs/ruby/3.4.5/lib/ruby/gems/3.4.0/gems/actiontext-8.1.1/app/views/action_text/contents/_content.html.erb within layouts/action_text/contents/_content (Duration: 18.3ms | GC: 10.6ms)
  [1m[36mActiveStorage::Attachment Load (0.5ms)[0m  [1m[34mSELECT "active_storage_attachments".* FROM "active_storage_attachments" WHERE "active_storage_attachments"."record_id" = 11 AND "active_storage_attachments"."record_type" = 'Novine' AND "active_storage_attachments"."name" = 'image' LIMIT 1 /*action='index',application='M',controller='novines'*/[0m
  ↳ app/views/novines/index.html.erb:70
  [1m[36mActiveStorage::Blob Load (0.2ms)[0m  [1m[34mSELECT "active_storage_blobs".* FROM "active_storage_blobs" WHERE "active_storage_blobs"."id" = 384 LIMIT 1 /*action='index',application='M',controller='novines'*/[0m
  ↳ app/views/novines/index.html.erb:71
  [1m[36mBlog Load (0.4ms)[0m  [1m[34mSELECT "blogs".* FROM "blogs" INNER JOIN "bloggables" ON "blogs"."id" = "bloggables"."blog_id" WHERE "bloggables"."novine_id" = 10 /*action='index',application='M',controller='novines'*/[0m
  ↳ app/views/novines/index.html.erb:56
  [1m[36mActionText::RichText Load (0.4ms)[0m  [1m[34mSELECT "action_text_rich_texts".* FROM "action_text_rich_texts" WHERE "action_text_rich_texts"."record_id" = 10 AND "action_text_rich_texts"."record_type" = 'Novine' AND "action_text_rich_texts"."name" = 'body' LIMIT 1 /*action='index',application='M',controller='novines'*/[0m
  ↳ app/views/novines/index.html.erb:66
  Rendered /Users/vidosrd/.local/share/mise/installs/ruby/3.4.5/lib/ruby/gems/3.4.0/gems/actiontext-8.1.1/app/views/action_text/contents/_content.html.erb within layouts/action_text/contents/_content (Duration: 0.8ms | GC: 0.4ms)
  [1m[36mActiveStorage::Attachment Load (0.4ms)[0m  [1m[34mSELECT "active_storage_attachments".* FROM "active_storage_attachments" WHERE "active_storage_attachments"."record_id" = 10 AND "active_storage_attachments"."record_type" = 'Novine' AND "active_storage_attachments"."name" = 'image' LIMIT 1 /*action='index',application='M',controller='novines'*/[0m
  ↳ app/views/novines/index.html.erb:70
  [1m[36mActiveStorage::Blob Load (0.3ms)[0m  [1m[34mSELECT "active_storage_blobs".* FROM "active_storage_blobs" WHERE "active_storage_blobs"."id" = 385 LIMIT 1 /*action='index',application='M',controller='novines'*/[0m
  ↳ app/views/novines/index.html.erb:71
  [1m[36mBlog Load (0.4ms)[0m  [1m[34mSELECT "blogs".* FROM "blogs" INNER JOIN "bloggables" ON "blogs"."id" = "bloggables"."blog_id" WHERE "bloggables"."novine_id" = 9 /*action='index',application='M',controller='novines'*/[0m
  ↳ app/views/novines/index.html.erb:56
  [1m[36mActionText::RichText Load (0.4ms)[0m  [1m[34mSELECT "action_text_rich_texts".* FROM "action_text_rich_texts" WHERE "action_text_rich_texts"."record_id" = 9 AND "action_text_rich_texts"."record_type" = 'Novine' AND "action_text_rich_texts"."name" = 'body' LIMIT 1 /*action='index',application='M',controller='novines'*/[0m
  ↳ app/views/novines/index.html.erb:66
  Rendered /Users/vidosrd/.local/share/mise/installs/ruby/3.4.5/lib/ruby/gems/3.4.0/gems/actiontext-8.1.1/app/views/action_text/contents/_content.html.erb within layouts/action_text/contents/_content (Duration: 0.9ms | GC: 0.5ms)
  [1m[36mActiveStorage::Attachment Load (0.3ms)[0m  [1m[34mSELECT "active_storage_attachments".* FROM "active_storage_attachments" WHERE "active_storage_attachments"."record_id" = 9 AND "active_storage_attachments"."record_type" = 'Novine' AND "active_storage_attachments"."name" = 'image' LIMIT 1 /*action='index',application='M',controller='novines'*/[0m
  ↳ app/views/novines/index.html.erb:70
  [1m[36mActiveStorage::Blob Load (0.4ms)[0m  [1m[34mSELECT "active_storage_blobs".* FROM "active_storage_blobs" WHERE "active_storage_blobs"."id" = 386 LIMIT 1 /*action='index',application='M',controller='novines'*/[0m
  ↳ app/views/novines/index.html.erb:71
  [1m[36mBlog Load (0.4ms)[0m  [1m[34mSELECT "blogs".* FROM "blogs" INNER JOIN "bloggables" ON "blogs"."id" = "bloggables"."blog_id" WHERE "bloggables"."novine_id" = 8 /*action='index',application='M',controller='novines'*/[0m
  ↳ app/views/novines/index.html.erb:56
  [1m[36mActionText::RichText Load (0.3ms)[0m  [1m[34mSELECT "action_text_rich_texts".* FROM "action_text_rich_texts" WHERE "action_text_rich_texts"."record_id" = 8 AND "action_text_rich_texts"."record_type" = 'Novine' AND "action_text_rich_texts"."name" = 'body' LIMIT 1 /*action='index',application='M',controller='novines'*/[0m
  ↳ app/views/novines/index.html.erb:66
  Rendered /Users/vidosrd/.local/share/mise/installs/ruby/3.4.5/lib/ruby/gems/3.4.0/gems/actiontext-8.1.1/app/views/action_text/attachables/_remote_image.html.erb (Duration: 0.1ms | GC: 0.0ms)
  Rendered /Users/vidosrd/.local/share/mise/installs/ruby/3.4.5/lib/ruby/gems/3.4.0/gems/actiontext-8.1.1/app/views/action_text/contents/_content.html.erb within layouts/action_text/contents/_content (Duration: 4.2ms | GC: 2.6ms)
  [1m[36mActiveStorage::Attachment Load (0.3ms)[0m  [1m[34mSELECT "active_storage_attachments".* FROM "active_storage_attachments" WHERE "active_storage_attachments"."record_id" = 8 AND "active_storage_attachments"."record_type" = 'Novine' AND "active_storage_attachments"."name" = 'image' LIMIT 1 /*action='index',application='M',controller='novines'*/[0m
  ↳ app/views/novines/index.html.erb:70
  [1m[36mActiveStorage::Blob Load (0.1ms)[0m  [1m[34mSELECT "active_storage_blobs".* FROM "active_storage_blobs" WHERE "active_storage_blobs"."id" = 387 LIMIT 1 /*action='index',application='M',controller='novines'*/[0m
  ↳ app/views/novines/index.html.erb:71
  [1m[36mBlog Load (0.5ms)[0m  [1m[34mSELECT "blogs".* FROM "blogs" INNER JOIN "bloggables" ON "blogs"."id" = "bloggables"."blog_id" WHERE "bloggables"."novine_id" = 7 /*action='index',application='M',controller='novines'*/[0m
  ↳ app/views/novines/index.html.erb:56
  [1m[36mActionText::RichText Load (0.3ms)[0m  [1m[34mSELECT "action_text_rich_texts".* FROM "action_text_rich_texts" WHERE "action_text_rich_texts"."record_id" = 7 AND "action_text_rich_texts"."record_type" = 'Novine' AND "action_text_rich_texts"."name" = 'body' LIMIT 1 /*action='index',application='M',controller='novines'*/[0m
  ↳ app/views/novines/index.html.erb:66
  Rendered /Users/vidosrd/.local/share/mise/installs/ruby/3.4.5/lib/ruby/gems/3.4.0/gems/actiontext-8.1.1/app/views/action_text/contents/_content.html.erb within layouts/action_text/contents/_content (Duration: 0.3ms | GC: 0.0ms)
  [1m[36mActiveStorage::Attachment Load (0.4ms)[0m  [1m[34mSELECT "active_storage_attachments".* FROM "active_storage_attachments" WHERE "active_storage_attachments"."record_id" = 7 AND "active_storage_attachments"."record_type" = 'Novine' AND "active_storage_attachments"."name" = 'image' LIMIT 1 /*action='index',application='M',controller='novines'*/[0m
  ↳ app/views/novines/index.html.erb:70
  [1m[36mActiveStorage::Blob Load (0.1ms)[0m  [1m[34mSELECT "active_storage_blobs".* FROM "active_storage_blobs" WHERE "active_storage_blobs"."id" = 388 LIMIT 1 /*action='index',application='M',controller='novines'*/[0m
  ↳ app/views/novines/index.html.erb:71
  Rendered novines/index.html.erb within layouts/application (Duration: 169.4ms | GC: 37.2ms)
  Rendered layout layouts/application.html.erb (Duration: 170.0ms | GC: 37.2ms)
Completed 500 Internal Server Error in 181ms (ActiveRecord: 12.4ms (33 queries, 0 cached) | GC: 37.2ms)


  
ActionView::Template::Error (The asset 'tailwind.css' was not found in the load path.)
Caused by: Propshaft::MissingAssetError (The asset 'tailwind.css' was not found in the load path.)

Information for: ActionView::Template::Error (The asset 'tailwind.css' was not found in the load path.):
    27: 
    28:     <%# Includes all stylesheet files in app/assets/stylesheets %>
    29:     <%= stylesheet_link_tag "tailwind", "data-turbo-track": "reload" %>
    30:     <%= stylesheet_link_tag :app, "data-turbo-track": "reload" %>
    31:     <%= javascript_importmap_tags %>
    32:     <%= render "layouts/dark_mode_check" %>
    33:   </head>
  
app/views/layouts/application.html.erb:30
app/controllers/novines_controller.rb:20:in 'NovinesController#index'

Information for cause: Propshaft::MissingAssetError (The asset 'tailwind.css' was not found in the load path.):
  
app/views/layouts/application.html.erb:30
app/controllers/novines_controller.rb:20:in 'NovinesController#index'
[rails_node_module_linker] Middleware inserted
Started GET "/posts" for ::1 at 2025-11-12 17:29:41 +0100
  [1m[36mActiveRecord::SchemaMigration Load (1.1ms)[0m  [1m[34mSELECT "schema_migrations"."version" FROM "schema_migrations" ORDER BY "schema_migrations"."version" ASC /*application='M'*/[0m
DEPRECATION WARNING: resource received a hash argument only. Please use a keyword instead. Support to hash argument will be removed in Rails 8.2. (called from block in <main> at /Users/vidosrd/Downloads/ZW-main 1/config/routes.rb:5)
DEPRECATION WARNING: resource received a hash argument path. Please use a keyword instead. Support to hash argument will be removed in Rails 8.2. (called from block in <main> at /Users/vidosrd/Downloads/ZW-main 1/config/routes.rb:5)
DEPRECATION WARNING: resource received a hash argument path_names. Please use a keyword instead. Support to hash argument will be removed in Rails 8.2. (called from block in <main> at /Users/vidosrd/Downloads/ZW-main 1/config/routes.rb:5)
DEPRECATION WARNING: resource received a hash argument controller. Please use a keyword instead. Support to hash argument will be removed in Rails 8.2. (called from block in <main> at /Users/vidosrd/Downloads/ZW-main 1/config/routes.rb:5)
Processing by PostsController#index as HTML
  [1m[36mPost Count (13.2ms)[0m  [1m[34mSELECT COUNT(*) FROM "posts" /*action='index',application='M',controller='posts'*/[0m
  ↳ app/controllers/posts_controller.rb:6:in 'PostsController#index'
  Rendering layout layouts/application.html.erb
  Rendering posts/index.html.erb within layouts/application
  [1m[36mPost Load (1.2ms)[0m  [1m[34mSELECT "posts".* FROM "posts" LIMIT 7 OFFSET 0 /*action='index',application='M',controller='posts'*/[0m
  ↳ app/views/posts/index.html.erb:43
  [1m[36mActionText::RichText Load (1.4ms)[0m  [1m[34mSELECT "action_text_rich_texts".* FROM "action_text_rich_texts" WHERE "action_text_rich_texts"."record_id" = 1 AND "action_text_rich_texts"."record_type" = 'Post' AND "action_text_rich_texts"."name" = 'body' LIMIT 1 /*action='index',application='M',controller='posts'*/[0m
  ↳ app/views/posts/index.html.erb:50
  Rendered /Users/vidosrd/.local/share/mise/installs/ruby/3.4.5/lib/ruby/gems/3.4.0/gems/actiontext-8.1.1/app/views/action_text/attachables/_remote_image.html.erb (Duration: 0.4ms | GC: 0.0ms)
  Rendered /Users/vidosrd/.local/share/mise/installs/ruby/3.4.5/lib/ruby/gems/3.4.0/gems/actiontext-8.1.1/app/views/action_text/attachables/_remote_image.html.erb (Duration: 0.1ms | GC: 0.0ms)
  Rendered /Users/vidosrd/.local/share/mise/installs/ruby/3.4.5/lib/ruby/gems/3.4.0/gems/actiontext-8.1.1/app/views/action_text/attachables/_remote_image.html.erb (Duration: 0.0ms | GC: 0.0ms)
  Rendered /Users/vidosrd/.local/share/mise/installs/ruby/3.4.5/lib/ruby/gems/3.4.0/gems/actiontext-8.1.1/app/views/action_text/attachables/_remote_image.html.erb (Duration: 0.2ms | GC: 0.0ms)
  Rendered /Users/vidosrd/.local/share/mise/installs/ruby/3.4.5/lib/ruby/gems/3.4.0/gems/actiontext-8.1.1/app/views/action_text/attachables/_remote_image.html.erb (Duration: 0.2ms | GC: 0.0ms)
  Rendered /Users/vidosrd/.local/share/mise/installs/ruby/3.4.5/lib/ruby/gems/3.4.0/gems/actiontext-8.1.1/app/views/action_text/attachables/_remote_image.html.erb (Duration: 0.0ms | GC: 0.0ms)
  Rendered /Users/vidosrd/.local/share/mise/installs/ruby/3.4.5/lib/ruby/gems/3.4.0/gems/actiontext-8.1.1/app/views/action_text/attachables/_remote_image.html.erb (Duration: 0.0ms | GC: 0.0ms)
  Rendered /Users/vidosrd/.local/share/mise/installs/ruby/3.4.5/lib/ruby/gems/3.4.0/gems/actiontext-8.1.1/app/views/action_text/attachables/_remote_image.html.erb (Duration: 0.0ms | GC: 0.0ms)
  Rendered /Users/vidosrd/.local/share/mise/installs/ruby/3.4.5/lib/ruby/gems/3.4.0/gems/actiontext-8.1.1/app/views/action_text/attachables/_remote_image.html.erb (Duration: 0.0ms | GC: 0.0ms)
  Rendered /Users/vidosrd/.local/share/mise/installs/ruby/3.4.5/lib/ruby/gems/3.4.0/gems/actiontext-8.1.1/app/views/action_text/attachables/_remote_image.html.erb (Duration: 0.0ms | GC: 0.0ms)
  Rendered /Users/vidosrd/.local/share/mise/installs/ruby/3.4.5/lib/ruby/gems/3.4.0/gems/actiontext-8.1.1/app/views/action_text/attachables/_remote_image.html.erb (Duration: 0.1ms | GC: 0.0ms)
  Rendered /Users/vidosrd/.local/share/mise/installs/ruby/3.4.5/lib/ruby/gems/3.4.0/gems/actiontext-8.1.1/app/views/action_text/contents/_content.html.erb within layouts/action_text/contents/_content (Duration: 25.4ms | GC: 0.0ms)
  [1m[36mActiveStorage::Attachment Load (1.2ms)[0m  [1m[34mSELECT "active_storage_attachments".* FROM "active_storage_attachments" WHERE "active_storage_attachments"."record_id" = 1 AND "active_storage_attachments"."record_type" = 'Post' AND "active_storage_attachments"."name" = 'image' LIMIT 1 /*action='index',application='M',controller='posts'*/[0m
  ↳ app/views/posts/index.html.erb:54
  Rendered posts/index.html.erb within layouts/application (Duration: 114.5ms | GC: 0.0ms)
  Rendered layout layouts/application.html.erb (Duration: 117.9ms | GC: 0.0ms)
Completed 500 Internal Server Error in 163ms (ActiveRecord: 37.7ms (4 queries, 0 cached) | GC: 0.0ms)


  
ActionView::Template::Error (The asset 'tailwind.css' was not found in the load path.)
Caused by: Propshaft::MissingAssetError (The asset 'tailwind.css' was not found in the load path.)

Information for: ActionView::Template::Error (The asset 'tailwind.css' was not found in the load path.):
    27: 
    28:     <%# Includes all stylesheet files in app/assets/stylesheets %>
    29:     <%= stylesheet_link_tag "tailwind", "data-turbo-track": "reload" %>
    30:     <%= stylesheet_link_tag :app, "data-turbo-track": "reload" %>
    31:     <%= javascript_importmap_tags %>
    32:     <%= render "layouts/dark_mode_check" %>
    33:   </head>
  
app/views/layouts/application.html.erb:30
app/controllers/posts_controller.rb:15:in 'PostsController#index'

Information for cause: Propshaft::MissingAssetError (The asset 'tailwind.css' was not found in the load path.):
  
app/views/layouts/application.html.erb:30
app/controllers/posts_controller.rb:15:in 'PostsController#index'
Started GET "/home/index" for ::1 at 2025-11-12 17:29:42 +0100
Processing by HomeController#index as HTML
  Rendering layout layouts/application.html.erb
  Rendering home/index.html.erb within layouts/application
  Rendered home/index.html.erb within layouts/application (Duration: 0.9ms | GC: 0.0ms)
  Rendered layout layouts/application.html.erb (Duration: 1.4ms | GC: 0.0ms)
Completed 500 Internal Server Error in 7ms (ActiveRecord: 0.0ms (0 queries, 0 cached) | GC: 0.9ms)


  
ActionView::Template::Error (The asset 'svjetlost1.svg' was not found in the load path.)
Caused by: Propshaft::MissingAssetError (The asset 'svjetlost1.svg' was not found in the load path.)

Information for: ActionView::Template::Error (The asset 'svjetlost1.svg' was not found in the load path.):
     7:     <br>
     8:     <div data-controller="dark-mode">
     9:       <%= image_tag("svjetlost1.svg",
    10:       data: { action: 'click->dark-mode#toggle'}) %>
    11:     </div>
    12:     <br>
    13:     <h3 class="1font-bold text-3xl
  
app/views/home/index.html.erb:10

Information for cause: Propshaft::MissingAssetError (The asset 'svjetlost1.svg' was not found in the load path.):
  
app/views/home/index.html.erb:10
Started GET "/" for ::1 at 2025-11-12 17:29:58 +0100
Processing by HomeController#index as HTML
  Rendering layout layouts/application.html.erb
  Rendering home/index.html.erb within layouts/application
  Rendered home/index.html.erb within layouts/application (Duration: 0.6ms | GC: 0.0ms)
  Rendered layout layouts/application.html.erb (Duration: 0.8ms | GC: 0.0ms)
Completed 500 Internal Server Error in 11ms (ActiveRecord: 0.0ms (0 queries, 0 cached) | GC: 0.0ms)


  
ActionView::Template::Error (The asset 'svjetlost1.svg' was not found in the load path.)
Caused by: Propshaft::MissingAssetError (The asset 'svjetlost1.svg' was not found in the load path.)

Information for: ActionView::Template::Error (The asset 'svjetlost1.svg' was not found in the load path.):
     7:     <br>
     8:     <div data-controller="dark-mode">
     9:       <%= image_tag("svjetlost1.svg",
    10:       data: { action: 'click->dark-mode#toggle'}) %>
    11:     </div>
    12:     <br>
    13:     <h3 class="1font-bold text-3xl
  
app/views/home/index.html.erb:10

Information for cause: Propshaft::MissingAssetError (The asset 'svjetlost1.svg' was not found in the load path.):
  
app/views/home/index.html.erb:10
Started GET "/" for ::1 at 2025-11-12 17:29:58 +0100
Processing by HomeController#index as HTML
  Rendering layout layouts/application.html.erb
  Rendering home/index.html.erb within layouts/application
  Rendered home/index.html.erb within layouts/application (Duration: 0.3ms | GC: 0.0ms)
  Rendered layout layouts/application.html.erb (Duration: 0.6ms | GC: 0.0ms)
Completed 500 Internal Server Error in 2ms (ActiveRecord: 0.0ms (0 queries, 0 cached) | GC: 0.0ms)


  
ActionView::Template::Error (The asset 'svjetlost1.svg' was not found in the load path.)
Caused by: Propshaft::MissingAssetError (The asset 'svjetlost1.svg' was not found in the load path.)

Information for: ActionView::Template::Error (The asset 'svjetlost1.svg' was not found in the load path.):
     7:     <br>
     8:     <div data-controller="dark-mode">
     9:       <%= image_tag("svjetlost1.svg",
    10:       data: { action: 'click->dark-mode#toggle'}) %>
    11:     </div>
    12:     <br>
    13:     <h3 class="1font-bold text-3xl
  
app/views/home/index.html.erb:10

Information for cause: Propshaft::MissingAssetError (The asset 'svjetlost1.svg' was not found in the load path.):
  
app/views/home/index.html.erb:10
[rails_node_module_linker] Middleware inserted
Started GET "/users/sign_in" for ::1 at 2025-11-12 20:20:00 +0100
Started GET "/users/sign_up" for ::1 at 2025-11-12 20:20:00 +0100
  [1m[36mActiveRecord::SchemaMigration Load (9.1ms)[0m  [1m[34mSELECT "schema_migrations"."version" FROM "schema_migrations" ORDER BY "schema_migrations"."version" ASC /*application='M'*/[0m
  
ActionController::RoutingError (No route matches [GET] "/users/sign_up"):
  
DEPRECATION WARNING: resource received a hash argument only. Please use a keyword instead. Support to hash argument will be removed in Rails 8.2. (called from block in <main> at /Users/vidosrd/Documents/GitHub/ZW1/config/routes.rb:5)
DEPRECATION WARNING: resource received a hash argument path. Please use a keyword instead. Support to hash argument will be removed in Rails 8.2. (called from block in <main> at /Users/vidosrd/Documents/GitHub/ZW1/config/routes.rb:5)
DEPRECATION WARNING: resource received a hash argument path_names. Please use a keyword instead. Support to hash argument will be removed in Rails 8.2. (called from block in <main> at /Users/vidosrd/Documents/GitHub/ZW1/config/routes.rb:5)
DEPRECATION WARNING: resource received a hash argument controller. Please use a keyword instead. Support to hash argument will be removed in Rails 8.2. (called from block in <main> at /Users/vidosrd/Documents/GitHub/ZW1/config/routes.rb:5)
Processing by Devise::SessionsController#new as HTML
  Rendering layout layouts/application.html.erb
  Rendering devise/sessions/new.html.erb within layouts/application
  Rendered devise/shared/_links.html.erb (Duration: 1.3ms | GC: 0.0ms)
  Rendered devise/sessions/new.html.erb within layouts/application (Duration: 17.3ms | GC: 0.0ms)
  Rendered layout layouts/application.html.erb (Duration: 31.0ms | GC: 0.0ms)
Completed 500 Internal Server Error in 158ms (ActiveRecord: 29.5ms (0 queries, 0 cached) | GC: 0.0ms)


  
ActionView::Template::Error (The asset 'tailwind.css' was not found in the load path.)
Caused by: Propshaft::MissingAssetError (The asset 'tailwind.css' was not found in the load path.)

Information for: ActionView::Template::Error (The asset 'tailwind.css' was not found in the load path.):
    27: 
    28:     <%# Includes all stylesheet files in app/assets/stylesheets %>
    29:     <%= stylesheet_link_tag "tailwind", "data-turbo-track": "reload" %>
    30:     <%= stylesheet_link_tag :app, "data-turbo-track": "reload" %>
    31:     <%= javascript_importmap_tags %>
    32:     <%= render "layouts/dark_mode_check" %>
    33:   </head>
  
app/views/layouts/application.html.erb:30

Information for cause: Propshaft::MissingAssetError (The asset 'tailwind.css' was not found in the load path.):
  
app/views/layouts/application.html.erb:30
Started GET "/favicon.ico" for ::1 at 2025-11-12 20:20:01 +0100
  
ActionController::RoutingError (No route matches [GET] "/favicon.ico"):
  
Started GET "/" for ::1 at 2025-11-12 20:20:17 +0100
Processing by HomeController#index as HTML
  Rendering layout layouts/application.html.erb
  Rendering home/index.html.erb within layouts/application
  Rendered home/index.html.erb within layouts/application (Duration: 1.3ms | GC: 0.5ms)
  Rendered layout layouts/application.html.erb (Duration: 1.5ms | GC: 0.5ms)
Completed 500 Internal Server Error in 8ms (ActiveRecord: 0.0ms (0 queries, 0 cached) | GC: 0.5ms)


  
ActionView::Template::Error (The asset 'svjetlost1.svg' was not found in the load path.)
Caused by: Propshaft::MissingAssetError (The asset 'svjetlost1.svg' was not found in the load path.)

Information for: ActionView::Template::Error (The asset 'svjetlost1.svg' was not found in the load path.):
     7:     <br>
     8:     <div data-controller="dark-mode">
     9:       <%= image_tag("svjetlost1.svg",
    10:       data: { action: 'click->dark-mode#toggle'}) %>
    11:     </div>
    12:     <br>
    13:     <h3 class="1font-bold text-3xl
  
app/views/home/index.html.erb:10

Information for cause: Propshaft::MissingAssetError (The asset 'svjetlost1.svg' was not found in the load path.):
  
app/views/home/index.html.erb:10
Started GET "/" for ::1 at 2025-11-12 20:20:17 +0100
Processing by HomeController#index as HTML
  Rendering layout layouts/application.html.erb
  Rendering home/index.html.erb within layouts/application
  Rendered home/index.html.erb within layouts/application (Duration: 1.0ms | GC: 0.0ms)
  Rendered layout layouts/application.html.erb (Duration: 2.4ms | GC: 0.0ms)
Completed 500 Internal Server Error in 7ms (ActiveRecord: 0.0ms (0 queries, 0 cached) | GC: 0.0ms)


  
ActionView::Template::Error (The asset 'svjetlost1.svg' was not found in the load path.)
Caused by: Propshaft::MissingAssetError (The asset 'svjetlost1.svg' was not found in the load path.)

Information for: ActionView::Template::Error (The asset 'svjetlost1.svg' was not found in the load path.):
     7:     <br>
     8:     <div data-controller="dark-mode">
     9:       <%= image_tag("svjetlost1.svg",
    10:       data: { action: 'click->dark-mode#toggle'}) %>
    11:     </div>
    12:     <br>
    13:     <h3 class="1font-bold text-3xl
  
app/views/home/index.html.erb:10

Information for cause: Propshaft::MissingAssetError (The asset 'svjetlost1.svg' was not found in the load path.):
  
app/views/home/index.html.erb:10
Started GET "/arts/" for ::1 at 2025-11-12 20:20:34 +0100
Processing by ArtsController#index as HTML
  [1m[36mArt Count (5.4ms)[0m  [1m[34mSELECT COUNT(*) FROM "arts" /*action='index',application='M',controller='arts'*/[0m
  ↳ app/controllers/arts_controller.rb:6:in 'ArtsController#index'
  Rendering layout layouts/application.html.erb
  Rendering arts/index.html.erb within layouts/application
  [1m[36mArt Load (1.6ms)[0m  [1m[34mSELECT "arts".* FROM "arts" ORDER BY created_at DESC LIMIT 7 OFFSET 0 /*action='index',application='M',controller='arts'*/[0m
  ↳ app/views/arts/index.html.erb:52
  [1m[36mList Load (4.9ms)[0m  [1m[34mSELECT "lists".* FROM "lists" WHERE "lists"."art_id" = 16 /*action='index',application='M',controller='arts'*/[0m
  ↳ app/views/arts/index.html.erb:67
  [1m[36mList Load (0.4ms)[0m  [1m[34mSELECT "lists".* FROM "lists" WHERE "lists"."art_id" = 15 /*action='index',application='M',controller='arts'*/[0m
  ↳ app/views/arts/index.html.erb:67
  [1m[36mList Load (0.2ms)[0m  [1m[34mSELECT "lists".* FROM "lists" WHERE "lists"."art_id" = 14 /*action='index',application='M',controller='arts'*/[0m
  ↳ app/views/arts/index.html.erb:67
  [1m[36mList Load (0.3ms)[0m  [1m[34mSELECT "lists".* FROM "lists" WHERE "lists"."art_id" = 13 /*action='index',application='M',controller='arts'*/[0m
  ↳ app/views/arts/index.html.erb:67
  [1m[36mList Load (0.4ms)[0m  [1m[34mSELECT "lists".* FROM "lists" WHERE "lists"."art_id" = 12 /*action='index',application='M',controller='arts'*/[0m
  ↳ app/views/arts/index.html.erb:67
  [1m[36mList Load (0.3ms)[0m  [1m[34mSELECT "lists".* FROM "lists" WHERE "lists"."art_id" = 11 /*action='index',application='M',controller='arts'*/[0m
  ↳ app/views/arts/index.html.erb:67
  [1m[36mList Load (2.6ms)[0m  [1m[34mSELECT "lists".* FROM "lists" WHERE "lists"."art_id" = 10 /*action='index',application='M',controller='arts'*/[0m
  ↳ app/views/arts/index.html.erb:67
  Rendered arts/index.html.erb within layouts/application (Duration: 99.4ms | GC: 3.8ms)
  Rendered layout layouts/application.html.erb (Duration: 100.1ms | GC: 3.8ms)
Completed 500 Internal Server Error in 124ms (ActiveRecord: 20.3ms (9 queries, 0 cached) | GC: 4.3ms)


  
ActionView::Template::Error (The asset 'tailwind.css' was not found in the load path.)
Caused by: Propshaft::MissingAssetError (The asset 'tailwind.css' was not found in the load path.)

Information for: ActionView::Template::Error (The asset 'tailwind.css' was not found in the load path.):
    27: 
    28:     <%# Includes all stylesheet files in app/assets/stylesheets %>
    29:     <%= stylesheet_link_tag "tailwind", "data-turbo-track": "reload" %>
    30:     <%= stylesheet_link_tag :app, "data-turbo-track": "reload" %>
    31:     <%= javascript_importmap_tags %>
    32:     <%= render "layouts/dark_mode_check" %>
    33:   </head>
  
app/views/layouts/application.html.erb:30
app/controllers/arts_controller.rb:15:in 'ArtsController#index'

Information for cause: Propshaft::MissingAssetError (The asset 'tailwind.css' was not found in the load path.):
  
app/views/layouts/application.html.erb:30
app/controllers/arts_controller.rb:15:in 'ArtsController#index'
Started GET "/" for ::1 at 2025-11-12 20:20:49 +0100
Processing by HomeController#index as HTML
  Rendering layout layouts/application.html.erb
  Rendering home/index.html.erb within layouts/application
  Rendered home/index.html.erb within layouts/application (Duration: 0.8ms | GC: 0.0ms)
  Rendered layout layouts/application.html.erb (Duration: 1.0ms | GC: 0.0ms)
Completed 500 Internal Server Error in 5ms (ActiveRecord: 0.0ms (0 queries, 0 cached) | GC: 0.0ms)


  
ActionView::Template::Error (The asset 'svjetlost1.svg' was not found in the load path.)
Caused by: Propshaft::MissingAssetError (The asset 'svjetlost1.svg' was not found in the load path.)

Information for: ActionView::Template::Error (The asset 'svjetlost1.svg' was not found in the load path.):
     7:     <br>
     8:     <div data-controller="dark-mode">
     9:       <%= image_tag("svjetlost1.svg",
    10:       data: { action: 'click->dark-mode#toggle'}) %>
    11:     </div>
    12:     <br>
    13:     <h3 class="1font-bold text-3xl
  
app/views/home/index.html.erb:10

Information for cause: Propshaft::MissingAssetError (The asset 'svjetlost1.svg' was not found in the load path.):
  
app/views/home/index.html.erb:10
